0 info it worked if it ends with ok
1 verbose cli [ '/usr/local/bin/node', '/usr/local/bin/npm', 'start' ]
2 info using npm@3.10.3
3 info using node@v6.4.0
4 verbose run-script [ 'prestart', 'start', 'poststart' ]
5 info lifecycle tay3lo-admin@0.0.0~prestart: tay3lo-admin@0.0.0
6 silly lifecycle tay3lo-admin@0.0.0~prestart: no script for prestart, continuing
7 info lifecycle tay3lo-admin@0.0.0~start: tay3lo-admin@0.0.0
8 verbose lifecycle tay3lo-admin@0.0.0~start: unsafe-perm in lifecycle true
9 verbose lifecycle tay3lo-admin@0.0.0~start: PATH: /usr/local/lib/node_modules/npm/bin/node-gyp-bin:/Volumes/BLACK/2-CODE4FOOD/7-Firebase/2-project/vietnamtrip/public/node_modules/.bin:/usr/local/bin:/usr/local/bin:/usr/bin:/bin:/usr/sbin:/sbin
10 verbose lifecycle tay3lo-admin@0.0.0~start: CWD: /Volumes/BLACK/2-CODE4FOOD/7-Firebase/2-project/vietnamtrip/public
11 silly lifecycle tay3lo-admin@0.0.0~start: Args: [ '-c', 'grunt serve' ]
12 silly lifecycle tay3lo-admin@0.0.0~start: Returned: code: 1  signal: null
13 info lifecycle tay3lo-admin@0.0.0~start: Failed to exec start script
14 verbose stack Error: tay3lo-admin@0.0.0 start: `grunt serve`
14 verbose stack Exit status 1
14 verbose stack     at EventEmitter.<anonymous> (/usr/local/lib/node_modules/npm/lib/utils/lifecycle.js:242:16)
14 verbose stack     at emitTwo (events.js:106:13)
14 verbose stack     at EventEmitter.emit (events.js:191:7)
14 verbose stack     at ChildProcess.<anonymous> (/usr/local/lib/node_modules/npm/lib/utils/spawn.js:40:14)
14 verbose stack     at emitTwo (events.js:106:13)
14 verbose stack     at ChildProcess.emit (events.js:191:7)
14 verbose stack     at maybeClose (internal/child_process.js:852:16)
14 verbose stack     at Process.ChildProcess._handle.onexit (internal/child_process.js:215:5)
15 verbose pkgid tay3lo-admin@0.0.0
16 verbose cwd /Volumes/BLACK/2-CODE4FOOD/7-Firebase/2-project/vietnamtrip/public
17 error Darwin 15.6.0
18 error argv "/usr/local/bin/node" "/usr/local/bin/npm" "start"
19 error node v6.4.0
20 error npm  v3.10.3
21 error code ELIFECYCLE
22 error tay3lo-admin@0.0.0 start: `grunt serve`
22 error Exit status 1
23 error Failed at the tay3lo-admin@0.0.0 start script 'grunt serve'.
23 error Make sure you have the latest version of node.js and npm installed.
23 error If you do, this is most likely a problem with the tay3lo-admin package,
23 error not with npm itself.
23 error Tell the author that this fails on your system:
23 error     grunt serve
23 error You can get information on how to open an issue for this project with:
23 error     npm bugs tay3lo-admin
23 error Or if that isn't available, you can get their info via:
23 error     npm owner ls tay3lo-admin
23 error There is likely additional logging output above.
24 verbose exit [ 1, true ]
